[0.187s] DEBUG:colcon:Command line arguments: ['/usr/bin/colcon', 'build', '--packages-select', 'cpp_srvcli']
[0.188s] DEBUG:colcon:Parsed command line arguments: Namespace(allow_overriding=[], ament_cmake_args=None, base_paths=['.'], build_base='build', catkin_cmake_args=None, catkin_skip_building_tests=False, cmake_args=None, cmake_clean_cache=False, cmake_clean_first=False, cmake_force_configure=False, cmake_target=None, cmake_target_skip_unavailable=False, continue_on_error=False, event_handlers=None, executor='parallel', ignore_user_meta=False, install_base='install', log_base=None, log_level=None, main=<bound method BuildVerb.main of <colcon_core.verb.build.BuildVerb object at 0x7f1aea19b8e0>>, merge_install=False, metas=['./colcon.meta'], packages_above=None, packages_above_and_dependencies=None, packages_above_depth=None, packages_end=None, packages_ignore=None, packages_ignore_regex=None, packages_select=['cpp_srvcli'], packages_select_build_failed=False, packages_select_by_dep=None, packages_select_regex=None, packages_select_test_failures=False, packages_skip=None, packages_skip_build_finished=False, packages_skip_by_dep=None, packages_skip_regex=None, packages_skip_test_passed=False, packages_skip_up_to=None, packages_start=None, packages_up_to=None, packages_up_to_regex=None, parallel_workers=2, paths=None, symlink_install=False, test_result_base=None, verb_extension=<colcon_core.verb.build.BuildVerb object at 0x7f1aea19b8e0>, verb_name='build', verb_parser=<colcon_defaults.argument_parser.defaults.DefaultArgumentsDecorator object at 0x7f1aea19be50>)
[0.194s] Level 1:colcon.colcon_core.package_discovery:discover_packages(colcon_meta) check parameters
[0.195s] Level 1:colcon.colcon_core.package_discovery:discover_packages(recursive) check parameters
[0.195s] Level 1:colcon.colcon_core.package_discovery:discover_packages(ignore) check parameters
[0.195s] Level 1:colcon.colcon_core.package_discovery:discover_packages(path) check parameters
[0.195s] Level 1:colcon.colcon_core.package_discovery:discover_packages(colcon_meta) discover
[0.195s] Level 1:colcon.colcon_core.package_discovery:discover_packages(recursive) discover
[0.195s] INFO:colcon.colcon_core.package_discovery:Crawling recursively for packages in '/home/laptop/Documents/RosTutorial/src/cpp_srvcli'
[0.195s] Level 1:colcon.colcon_core.package_identification:_identify(.) by extensions ['ignore', 'ignore_ament_install']
[0.195s] Level 1:colcon.colcon_core.package_identification:_identify(.) by extension 'ignore'
[0.195s] Level 1:colcon.colcon_core.package_identification:_identify(.) by extension 'ignore_ament_install'
[0.195s] Level 1:colcon.colcon_core.package_identification:_identify(.) by extensions ['colcon_pkg']
[0.195s] Level 1:colcon.colcon_core.package_identification:_identify(.) by extension 'colcon_pkg'
[0.196s] Level 1:colcon.colcon_core.package_identification:_identify(.) by extensions ['colcon_meta']
[0.196s] Level 1:colcon.colcon_core.package_identification:_identify(.) by extension 'colcon_meta'
[0.196s] Level 1:colcon.colcon_core.package_identification:_identify(.) by extensions ['ros']
[0.196s] Level 1:colcon.colcon_core.package_identification:_identify(.) by extension 'ros'
[0.212s] DEBUG:colcon.colcon_core.package_identification:Package '.' with type 'ros.ament_cmake' and name 'cpp_srvcli'
[0.212s] Level 1:colcon.colcon_core.package_discovery:discover_packages(recursive) using defaults
[0.212s] Level 1:colcon.colcon_core.package_discovery:discover_packages(ignore) discover
[0.212s] Level 1:colcon.colcon_core.package_discovery:discover_packages(ignore) using defaults
[0.212s] Level 1:colcon.colcon_core.package_discovery:discover_packages(path) discover
[0.212s] Level 1:colcon.colcon_core.package_discovery:discover_packages(path) using defaults
[0.233s] Level 5:colcon.colcon_core.verb:set package 'cpp_srvcli' build argument 'cmake_args' from command line to 'None'
[0.233s] Level 5:colcon.colcon_core.verb:set package 'cpp_srvcli' build argument 'cmake_target' from command line to 'None'
[0.233s] Level 5:colcon.colcon_core.verb:set package 'cpp_srvcli' build argument 'cmake_target_skip_unavailable' from command line to 'False'
[0.233s] Level 5:colcon.colcon_core.verb:set package 'cpp_srvcli' build argument 'cmake_clean_cache' from command line to 'False'
[0.233s] Level 5:colcon.colcon_core.verb:set package 'cpp_srvcli' build argument 'cmake_clean_first' from command line to 'False'
[0.233s] Level 5:colcon.colcon_core.verb:set package 'cpp_srvcli' build argument 'cmake_force_configure' from command line to 'False'
[0.233s] Level 5:colcon.colcon_core.verb:set package 'cpp_srvcli' build argument 'ament_cmake_args' from command line to 'None'
[0.233s] Level 5:colcon.colcon_core.verb:set package 'cpp_srvcli' build argument 'catkin_cmake_args' from command line to 'None'
[0.233s] Level 5:colcon.colcon_core.verb:set package 'cpp_srvcli' build argument 'catkin_skip_building_tests' from command line to 'False'
[0.233s] DEBUG:colcon.colcon_core.verb:Building package 'cpp_srvcli' with the following arguments: {'ament_cmake_args': None, 'build_base': '/home/laptop/Documents/RosTutorial/src/cpp_srvcli/build/cpp_srvcli', 'catkin_cmake_args': None, 'catkin_skip_building_tests': False, 'cmake_args': None, 'cmake_clean_cache': False, 'cmake_clean_first': False, 'cmake_force_configure': False, 'cmake_target': None, 'cmake_target_skip_unavailable': False, 'install_base': '/home/laptop/Documents/RosTutorial/src/cpp_srvcli/install/cpp_srvcli', 'merge_install': False, 'path': '/home/laptop/Documents/RosTutorial/src/cpp_srvcli', 'symlink_install': False, 'test_result_base': None}
[0.237s] INFO:colcon.colcon_core.executor:Executing jobs using 'parallel' executor
[0.240s] DEBUG:colcon.colcon_parallel_executor.executor.parallel:run_until_complete
[0.240s] INFO:colcon.colcon_ros.task.ament_cmake.build:Building ROS package in '/home/laptop/Documents/RosTutorial/src/cpp_srvcli' with build type 'ament_cmake'
[0.240s] INFO:colcon.colcon_cmake.task.cmake.build:Building CMake package in '/home/laptop/Documents/RosTutorial/src/cpp_srvcli'
[0.245s] INFO:colcon.colcon_core.plugin_system:Skipping extension 'colcon_core.shell.bat': Not used on non-Windows systems
[0.245s] INFO:colcon.colcon_core.shell:Skip shell extension 'powershell' for command environment: Not usable outside of PowerShell
[0.245s] DEBUG:colcon.colcon_core.shell:Skip shell extension 'dsv' for command environment
[0.261s] DEBUG:colcon.colcon_core.event_handler.log_command:Invoking command in '/home/laptop/Documents/RosTutorial/src/cpp_srvcli/build/cpp_srvcli': CMAKE_PREFIX_PATH=/opt/ros/galactic /usr/bin/cmake /home/laptop/Documents/RosTutorial/src/cpp_srvcli -DCMAKE_INSTALL_PREFIX=/home/laptop/Documents/RosTutorial/src/cpp_srvcli/install/cpp_srvcli
[2.106s] DEBUG:colcon.colcon_core.event_handler.log_command:Invoked command in '/home/laptop/Documents/RosTutorial/src/cpp_srvcli/build/cpp_srvcli' returned '1': CMAKE_PREFIX_PATH=/opt/ros/galactic /usr/bin/cmake /home/laptop/Documents/RosTutorial/src/cpp_srvcli -DCMAKE_INSTALL_PREFIX=/home/laptop/Documents/RosTutorial/src/cpp_srvcli/install/cpp_srvcli
[2.134s] Level 1:colcon.colcon_core.environment:create_environment_scripts_only(cpp_srvcli)
[2.144s] Level 1:colcon.colcon_core.environment:checking '/home/laptop/Documents/RosTutorial/src/cpp_srvcli/install/cpp_srvcli' for CMake module files
[2.145s] Level 1:colcon.colcon_core.environment:checking '/home/laptop/Documents/RosTutorial/src/cpp_srvcli/install/cpp_srvcli' for CMake config files
[2.145s] Level 1:colcon.colcon_core.environment:checking '/home/laptop/Documents/RosTutorial/src/cpp_srvcli/install/cpp_srvcli/bin'
[2.146s] Level 1:colcon.colcon_core.environment:checking '/home/laptop/Documents/RosTutorial/src/cpp_srvcli/install/cpp_srvcli/lib/pkgconfig/cpp_srvcli.pc'
[2.146s] Level 1:colcon.colcon_core.environment:checking '/home/laptop/Documents/RosTutorial/src/cpp_srvcli/install/cpp_srvcli/lib/python3.8/site-packages'
[2.149s] INFO:colcon.colcon_core.shell:Creating package script '/home/laptop/Documents/RosTutorial/src/cpp_srvcli/install/cpp_srvcli/share/cpp_srvcli/package.ps1'
[2.151s] INFO:colcon.colcon_core.shell:Creating package descriptor '/home/laptop/Documents/RosTutorial/src/cpp_srvcli/install/cpp_srvcli/share/cpp_srvcli/package.dsv'
[2.151s] INFO:colcon.colcon_core.shell:Creating package script '/home/laptop/Documents/RosTutorial/src/cpp_srvcli/install/cpp_srvcli/share/cpp_srvcli/package.sh'
[2.153s] INFO:colcon.colcon_core.shell:Creating package script '/home/laptop/Documents/RosTutorial/src/cpp_srvcli/install/cpp_srvcli/share/cpp_srvcli/package.bash'
[2.154s] INFO:colcon.colcon_core.shell:Creating package script '/home/laptop/Documents/RosTutorial/src/cpp_srvcli/install/cpp_srvcli/share/cpp_srvcli/package.zsh'
[2.155s] Level 1:colcon.colcon_core.environment:create_file_with_runtime_dependencies(/home/laptop/Documents/RosTutorial/src/cpp_srvcli/install/cpp_srvcli/share/colcon-core/packages/cpp_srvcli)
[2.157s] DEBUG:colcon.colcon_parallel_executor.executor.parallel:closing loop
[2.158s] DEBUG:colcon.colcon_parallel_executor.executor.parallel:loop closed
[2.159s] DEBUG:colcon.colcon_parallel_executor.executor.parallel:run_until_complete finished with '1'
[2.159s] DEBUG:colcon.colcon_core.event_reactor:joining thread
[2.177s] INFO:colcon.colcon_core.plugin_system:Skipping extension 'colcon_notification.desktop_notification.terminal_notifier': Not used on non-Darwin systems
[2.177s] INFO:colcon.colcon_core.plugin_system:Skipping extension 'colcon_notification.desktop_notification.win32': Not used on non-Windows systems
[2.177s] INFO:colcon.colcon_notification.desktop_notification:Sending desktop notification using 'notify2'
[2.205s] DEBUG:colcon.colcon_core.event_reactor:joined thread
[2.206s] INFO:colcon.colcon_core.shell:Creating prefix script '/home/laptop/Documents/RosTutorial/src/cpp_srvcli/install/local_setup.ps1'
[2.207s] INFO:colcon.colcon_core.shell:Creating prefix util module '/home/laptop/Documents/RosTutorial/src/cpp_srvcli/install/_local_setup_util_ps1.py'
[2.209s] INFO:colcon.colcon_core.shell:Creating prefix chain script '/home/laptop/Documents/RosTutorial/src/cpp_srvcli/install/setup.ps1'
[2.211s] INFO:colcon.colcon_core.shell:Creating prefix script '/home/laptop/Documents/RosTutorial/src/cpp_srvcli/install/local_setup.sh'
[2.212s] INFO:colcon.colcon_core.shell:Creating prefix util module '/home/laptop/Documents/RosTutorial/src/cpp_srvcli/install/_local_setup_util_sh.py'
[2.213s] INFO:colcon.colcon_core.shell:Creating prefix chain script '/home/laptop/Documents/RosTutorial/src/cpp_srvcli/install/setup.sh'
[2.216s] INFO:colcon.colcon_core.shell:Creating prefix script '/home/laptop/Documents/RosTutorial/src/cpp_srvcli/install/local_setup.bash'
[2.216s] INFO:colcon.colcon_core.shell:Creating prefix chain script '/home/laptop/Documents/RosTutorial/src/cpp_srvcli/install/setup.bash'
[2.218s] INFO:colcon.colcon_core.shell:Creating prefix script '/home/laptop/Documents/RosTutorial/src/cpp_srvcli/install/local_setup.zsh'
[2.219s] INFO:colcon.colcon_core.shell:Creating prefix chain script '/home/laptop/Documents/RosTutorial/src/cpp_srvcli/install/setup.zsh'
