[0.018s] Invoking command in '/home/laptop/Documents/RosTutorial/src/cpp_srvcli/build/cpp_srvcli': CMAKE_PREFIX_PATH=/opt/ros/galactic /usr/bin/cmake /home/laptop/Documents/RosTutorial/src/cpp_srvcli -DCMAKE_INSTALL_PREFIX=/home/laptop/Documents/RosTutorial/src/cpp_srvcli/install/cpp_srvcli
[0.085s] -- The C compiler identification is GNU 9.3.0
[0.169s] -- The CXX compiler identification is GNU 9.3.0
[0.174s] -- Check for working C compiler: /usr/bin/cc
[0.254s] -- Check for working C compiler: /usr/bin/cc -- works
[0.255s] -- Detecting C compiler ABI info
[0.338s] -- Detecting C compiler ABI info - done
[0.351s] -- Detecting C compile features
[0.352s] -- Detecting C compile features - done
[0.355s] -- Check for working CXX compiler: /usr/bin/c++
[0.447s] -- Check for working CXX compiler: /usr/bin/c++ -- works
[0.448s] -- Detecting CXX compiler ABI info
[0.543s] -- Detecting CXX compiler ABI info - done
[0.557s] -- Detecting CXX compile features
[0.557s] -- Detecting CXX compile features - done
[0.560s] -- Found ament_cmake: 1.1.4 (/opt/ros/galactic/share/ament_cmake/cmake)
[0.606s] -- Found PythonInterp: /usr/bin/python3 (found suitable version "3.8.10", minimum required is "3") 
[0.606s] -- Using PYTHON_EXECUTABLE: /usr/bin/python3
[0.732s] -- Found rclcpp: 9.2.0 (/opt/ros/galactic/share/rclcpp/cmake)
[0.798s] -- Using all available rosidl_typesupport_c: rosidl_typesupport_fastrtps_c;rosidl_typesupport_introspection_c
[0.805s] -- Found rosidl_adapter: 2.2.1 (/opt/ros/galactic/share/rosidl_adapter/cmake)
[0.931s] -- Found OpenSSL: /usr/lib/x86_64-linux-gnu/libcrypto.so (found version "1.1.1f")  
[0.986s] -- Found FastRTPS: /opt/ros/galactic/include  
[1.112s] -- Using all available rosidl_typesupport_cpp: rosidl_typesupport_fastrtps_cpp;rosidl_typesupport_introspection_cpp
[1.227s] -- Found rmw_implementation_cmake: 3.3.1 (/opt/ros/galactic/share/rmw_implementation_cmake/cmake)
[1.230s] -- Found rmw_cyclonedds_cpp: 0.22.4 (/opt/ros/galactic/share/rmw_cyclonedds_cpp/cmake)
[1.271s] -- Using RMW implementation 'rmw_cyclonedds_cpp' as default
[1.273s] -- Looking for pthread.h
[1.369s] -- Looking for pthread.h - found
[1.370s] -- Performing Test CMAKE_HAVE_LIBC_PTHREAD
[1.461s] -- Performing Test CMAKE_HAVE_LIBC_PTHREAD - Failed
[1.461s] -- Looking for pthread_create in pthreads
[1.531s] -- Looking for pthread_create in pthreads - not found
[1.531s] -- Looking for pthread_create in pthread
[1.615s] -- Looking for pthread_create in pthread - found
[1.616s] -- Found Threads: TRUE  
[1.843s] CMake Error at CMakeLists.txt:6 (find_package):
[1.843s]   By not providing "Findtutorial_interfaces.cmake" in CMAKE_MODULE_PATH this
[1.844s]   project has asked CMake to find a package configuration file provided by
[1.844s]   "tutorial_interfaces", but CMake did not find one.
[1.844s] 
[1.844s]   Could not find a package configuration file provided by
[1.844s]   "tutorial_interfaces" with any of the following names:
[1.844s] 
[1.844s]     tutorial_interfacesConfig.cmake
[1.844s]     tutorial_interfaces-config.cmake
[1.844s] 
[1.844s]   Add the installation prefix of "tutorial_interfaces" to CMAKE_PREFIX_PATH
[1.844s]   or set "tutorial_interfaces_DIR" to a directory containing one of the above
[1.844s]   files.  If "tutorial_interfaces" provides a separate development package or
[1.844s]   SDK, be sure it has been installed.
[1.844s] 
[1.845s] 
[1.845s] -- Configuring incomplete, errors occurred!
[1.845s] See also "/home/laptop/Documents/RosTutorial/src/cpp_srvcli/build/cpp_srvcli/CMakeFiles/CMakeOutput.log".
[1.846s] See also "/home/laptop/Documents/RosTutorial/src/cpp_srvcli/build/cpp_srvcli/CMakeFiles/CMakeError.log".
[1.863s] Invoked command in '/home/laptop/Documents/RosTutorial/src/cpp_srvcli/build/cpp_srvcli' returned '1': CMAKE_PREFIX_PATH=/opt/ros/galactic /usr/bin/cmake /home/laptop/Documents/RosTutorial/src/cpp_srvcli -DCMAKE_INSTALL_PREFIX=/home/laptop/Documents/RosTutorial/src/cpp_srvcli/install/cpp_srvcli
